2025-10-06T16:05:57,461  INFO Gbl:64 JVM: 21.0.2; Oracle Corporation; mixed mode, sharing; 64-bit
2025-10-06T16:05:57,471  INFO Gbl:68 OS: Linux; 6.1.58-1.el8.x86_64; amd64
2025-10-06T16:05:57,482  INFO Gbl:71 CPU cores: 12
2025-10-06T16:05:57,494  INFO Gbl:72 max. Memory: 184320.0MB (193273528320B)
2025-10-06T16:05:57,515  INFO Gbl:114 MATSim-Build: rb2367af28557a4e42cbb8d1892ba4166ca8e7dd6 ({2025-07-21 02:39:28})
2025-10-06T16:05:57,526  INFO Gbl:76 Command: zeroCUTS-0.0.1-montag_control.jar
2025-10-06T16:05:57,539  INFO ControlerListenerManagerImpl:113 calling notifyStartup on org.matsim.core.controler.ControlerDefaultsModule$1 with priority 0.0
2025-10-06T16:05:57,541  INFO MemoryObserver:43 used RAM: 19957 MB  free: 17194 MB  total: 37152 MB  max: 184320 MB
2025-10-06T16:05:57,683  INFO ControlerListenerManagerImpl:113 calling notifyStartup on org.matsim.guice.DependencyGraphControlerListener with priority 0.0
2025-10-06T16:05:57,753  INFO ControlerListenerManagerImpl:113 calling notifyStartup on org.matsim.counts.CountsControlerListener with priority 0.0
2025-10-06T16:05:57,754  INFO ControlerListenerManagerImpl:113 calling notifyStartup on org.matsim.analysis.ModeChoiceCoverageControlerListener with priority 0.0
2025-10-06T16:05:57,765  INFO ControlerListenerManagerImpl:113 calling notifyStartup on org.matsim.analysis.ModeStatsControlerListener with priority 0.0
2025-10-06T16:05:57,776  INFO ControlerListenerManagerImpl:113 calling notifyStartup on org.matsim.analysis.ScoreStatsControlerListener with priority 0.0
2025-10-06T16:05:57,787  INFO ControlerListenerManagerImpl:116 all ControlerStartupListeners called.
2025-10-06T16:05:57,809  INFO ControllerUtils:99 config dump before iterations start
2025-10-06T16:05:57,833  INFO ControllerUtils:105 === logging config.xml skipped ===
2025-10-06T16:05:57,833  INFO ControllerUtils:106 To enable debug output, set an environment variable i.e. export LOG_LEVEL='debug', or set log.setLogLevel(Level.DEBUG) in your run class.
2025-10-06T16:05:57,833  INFO ControllerUtils:110 Complete config dump done.
2025-10-06T16:05:57,834  INFO ControllerUtils:111 Checking consistency of config...
2025-10-06T16:05:57,834  WARN ControllerConfigGroup:490 setting overwriting behavior to overwriteExistingFiles
2025-10-06T16:05:57,834  WARN ControllerConfigGroup:491 this is not recommended, as it might result in a directory containing output from several model runs
2025-10-06T16:05:57,834  WARN ControllerConfigGroup:492 prefer the options deleteDirectoryIfExists or failIfDirectoryExists
2025-10-06T16:05:57,834  INFO ScoringConfigGroup$ScoringParameterSet:1608 NO OPENING OR CLOSING TIMES DEFINED!

There is no activity type that has an opening *and* closing time (or opening time and late penalty) defined.
This usually means that the activity chains can be shifted by an arbitrary
number of hours without having an effect on the score of the plans, and thus
resulting in wrong results / traffic patterns.
If you are using MATSim without time adaptation, you can ignore this warning.


2025-10-06T16:05:57,834  INFO VspConfigConsistencyCheckerImpl:70 running checkConsistency ...
2025-10-06T16:05:57,835  WARN VspConfigConsistencyCheckerImpl:481 vsp should move away from facilitiesSource=FacilitiesSource.none
2025-10-06T16:05:57,835  WARN VspConfigConsistencyCheckerImpl:168 you are insisting on config v1.  vsp default is using v2.
2025-10-06T16:05:57,835  WARN VspConfigConsistencyCheckerImpl:308 You are not removing unnecessary plan attributes; vsp default is to do that.
2025-10-06T16:05:57,835  WARN VspConfigConsistencyCheckerImpl:264 found qsim.vehiclesSource=defaultVehicle; vsp should use one of the other settings or talk to kai
2025-10-06T16:05:57,835  WARN VspConfigConsistencyCheckerImpl:272 found qsim.usePersonIdForMissingVehicleId==true; vsp should set this to false or talk to kai
2025-10-06T16:05:57,835  WARN VspConfigConsistencyCheckerImpl:277 found `qsim.usingTravelTimeCheckInTeleporation==false'; vsp should try out `true' and report.
2025-10-06T16:05:57,836  WARN VspConfigConsistencyCheckerImpl:290  found 'qsim.trafficDynamics==queue'; vsp standard is`kinematicWaves'.
2025-10-06T16:05:57,836  WARN VspConfigConsistencyCheckerImpl:341 found `PlansCalcRouteConfigGroup.AccessEgressType.none'; vsp should use `accessEgressModeToLink' or some other value or talk to Kai.
2025-10-06T16:05:57,836  WARN VspConfigConsistencyCheckerImpl:413 You are not setting fractionOfIterationsToStartScoreMSA; vsp default is to set this to something like 0.8.  This means you have to add the following lines to your config file: 
2025-10-06T16:05:57,836  WARN VspConfigConsistencyCheckerImpl:415 <module name="planCalcScore">
2025-10-06T16:05:57,836  WARN VspConfigConsistencyCheckerImpl:416 	<param name="fractionOfIterationsToStartScoreMSA" value="0.8" />
2025-10-06T16:05:57,836  WARN VspConfigConsistencyCheckerImpl:417 </module>
2025-10-06T16:05:57,837  WARN VspConfigConsistencyCheckerImpl:433 You are setting the marginal utility of traveling with mode car to -6.0. VSP standard is to set this to zero.  Please document carefully why you are using a value different from zero, e.g. by showing distance distributions.
2025-10-06T16:05:57,837  WARN VspConfigConsistencyCheckerImpl:433 You are setting the marginal utility of traveling with mode pt to -6.0. VSP standard is to set this to zero.  Please document carefully why you are using a value different from zero, e.g. by showing distance distributions.
2025-10-06T16:05:57,837  WARN VspConfigConsistencyCheckerImpl:433 You are setting the marginal utility of traveling with mode walk to -6.0. VSP standard is to set this to zero.  Please document carefully why you are using a value different from zero, e.g. by showing distance distributions.
2025-10-06T16:05:57,837  WARN VspConfigConsistencyCheckerImpl:433 You are setting the marginal utility of traveling with mode other to -6.0. VSP standard is to set this to zero.  Please document carefully why you are using a value different from zero, e.g. by showing distance distributions.
2025-10-06T16:05:57,837  WARN VspConfigConsistencyCheckerImpl:201 You have no strategy configured that uses ChangeExpBeta. vsp default is to use ChangeExpBeta at least in one strategy.
2025-10-06T16:05:57,837  WARN VspConfigConsistencyCheckerImpl:208 You have not set fractionOfIterationsToDisableInnovation; vsp default is to set this to 0.8 or similar.  Add the following config lines:
2025-10-06T16:05:57,837  WARN VspConfigConsistencyCheckerImpl:209 <module name="strategy">
2025-10-06T16:05:57,838  WARN VspConfigConsistencyCheckerImpl:210 	<param name="fractionOfIterationsToDisableInnovation" value="0.8" />
2025-10-06T16:05:57,838  WARN VspConfigConsistencyCheckerImpl:211 </module>
2025-10-06T16:05:57,843  INFO ControllerUtils:113 Checking consistency of config done.
2025-10-06T16:05:57,844  INFO PrepareForSimImpl:126 Network seems to be multimodal. Create car-only network which is handed over to PersonPrepareForSim.
2025-10-06T16:05:57,844  INFO NetworkImpl:165  node # 1
2025-10-06T16:05:57,845  INFO NetworkImpl:165  node # 4
2025-10-06T16:05:57,845  INFO NetworkImpl:165  node # 16
2025-10-06T16:05:57,845  INFO NetworkImpl:165  node # 64
2025-10-06T16:05:57,846  INFO NetworkImpl:165  node # 256
2025-10-06T16:05:57,846  INFO NetworkImpl:165  node # 1024
2025-10-06T16:05:57,849  INFO NetworkImpl:165  node # 4096
2025-10-06T16:05:57,860  INFO NetworkImpl:165  node # 16384
2025-10-06T16:05:57,881  INFO NetworkImpl:165  node # 65536
2025-10-06T16:05:57,887  INFO NetworkImpl:161  link # 1
2025-10-06T16:05:57,888  INFO NetworkImpl:161  link # 4
2025-10-06T16:05:57,888  INFO NetworkImpl:161  link # 16
2025-10-06T16:05:57,889  INFO NetworkImpl:161  link # 64
2025-10-06T16:05:57,891  INFO NetworkImpl:161  link # 256
2025-10-06T16:05:57,895  INFO NetworkImpl:161  link # 1024
2025-10-06T16:05:57,911  INFO NetworkImpl:161  link # 4096
2025-10-06T16:05:57,966  INFO NetworkImpl:161  link # 16384
2025-10-06T16:05:58,053  INFO NetworkImpl:161  link # 65536
2025-10-06T16:05:58,323  INFO SpeedyALTData:51 find dead ends...
2025-10-06T16:05:58,362  INFO SpeedyALTData:132 calculate landmarks...
2025-10-06T16:05:58,788  INFO SpeedyALTData:173 calculate min travelcost...
2025-10-06T16:05:58,807  INFO NetworkImpl:165  node # 1
2025-10-06T16:05:58,808  INFO NetworkImpl:165  node # 4
2025-10-06T16:05:58,808  INFO NetworkImpl:165  node # 16
2025-10-06T16:05:58,808  INFO NetworkImpl:165  node # 64
2025-10-06T16:05:58,808  INFO NetworkImpl:165  node # 256
2025-10-06T16:05:58,809  INFO NetworkImpl:165  node # 1024
2025-10-06T16:05:58,809  INFO NetworkImpl:165  node # 4096
2025-10-06T16:05:58,810  INFO NetworkImpl:165  node # 16384
2025-10-06T16:05:58,815  INFO NetworkImpl:165  node # 65536
2025-10-06T16:05:58,819  INFO NetworkImpl:161  link # 1
2025-10-06T16:05:58,819  INFO NetworkImpl:161  link # 4
2025-10-06T16:05:58,820  INFO NetworkImpl:161  link # 16
2025-10-06T16:05:58,820  INFO NetworkImpl:161  link # 64
2025-10-06T16:05:58,820  INFO NetworkImpl:161  link # 256
2025-10-06T16:05:58,821  INFO NetworkImpl:161  link # 1024
2025-10-06T16:05:58,824  INFO NetworkImpl:161  link # 4096
2025-10-06T16:05:58,838  INFO NetworkImpl:161  link # 16384
2025-10-06T16:05:58,896  INFO NetworkImpl:161  link # 65536
2025-10-06T16:05:59,055  INFO NetworkRoutingProvider:157 Checking network for mode 'car' for consistency...
2025-10-06T16:05:59,164  INFO MultimodalNetworkCleaner:104 running org.matsim.core.network.algorithms.MultimodalNetworkCleaner algorithm for modes [car] with connectivity modes []...
2025-10-06T16:05:59,166  INFO MultimodalNetworkCleaner:108   checking 73689 nodes and 159039 links for dead-ends...
2025-10-06T16:05:59,518  INFO MultimodalNetworkCleaner:126     The biggest cluster consists of 159039 links.
2025-10-06T16:05:59,519  INFO MultimodalNetworkCleaner:127   done.
2025-10-06T16:05:59,603  INFO MultimodalNetworkCleaner:151   resulting network contains 73689 nodes and 159039 links.
2025-10-06T16:05:59,614  INFO MultimodalNetworkCleaner:153 done.
2025-10-06T16:05:59,687  WARN RandomizingTimeDistanceTravelDisutilityFactory:113 There will be no routing randomness for mode=car. The randomization of the travel disutility requires the monetary distance rate to be different than zero. Continuing anyway.
2025-10-06T16:05:59,688  WARN RandomizingTimeDistanceTravelDisutilityFactory:115 You can also set the width of the routing randomness to zero:
2025-10-06T16:05:59,699  WARN RandomizingTimeDistanceTravelDisutilityFactory:116 		config.routing().setRoutingRandomness( 0. );
2025-10-06T16:05:59,710  WARN RandomizingTimeDistanceTravelDisutilityFactory:117 in code, or
2025-10-06T16:05:59,721  WARN RandomizingTimeDistanceTravelDisutilityFactory:118 	<module name="routing" >
2025-10-06T16:05:59,732  WARN RandomizingTimeDistanceTravelDisutilityFactory:119 		<param name="routingRandomness" value="0." />
2025-10-06T16:05:59,743  WARN RandomizingTimeDistanceTravelDisutilityFactory:120 in the xml config
2025-10-06T16:05:59,754  WARN RandomizingTimeDistanceTravelDisutilityFactory:124 There will be no routing randomness for mode=car. The randomization of the travel disutility requires the travel time cost rate to be different than zero. Continuing anyway.
2025-10-06T16:05:59,766  INFO RandomizingTimeDistanceTravelDisutilityFactory:86  sigma: 3.0; resulting normalization: 0.011108996538242306
2025-10-06T16:05:59,864  INFO SpeedyALTData:51 find dead ends...
2025-10-06T16:05:59,875  INFO SpeedyALTData:132 calculate landmarks...
2025-10-06T16:06:00,332  INFO SpeedyALTData:173 calculate min travelcost...
2025-10-06T16:06:00,343  WARN NetworkRoutingProvider:137 [mode: car; routingMode: car] Using deprecated routing module without access/egress. Consider using AccessEgressNetworkRouter instead.
2025-10-06T16:06:00,356  WARN NetworkRoutingProvider:138 This can be achieved by something like
2025-10-06T16:06:00,367  WARN NetworkRoutingProvider:139 		config.routing().setAccessEgressType( AccessEgressType.accessEgressModeToLink );
2025-10-06T16:06:00,378  WARN NetworkRoutingProvider:140 in code or
2025-10-06T16:06:00,389  WARN NetworkRoutingProvider:141 	<module name="routing" >
2025-10-06T16:06:00,400  WARN NetworkRoutingProvider:142 		<param name="accessEgressType" value="accessEgressModeToLink" />
2025-10-06T16:06:00,411  WARN NetworkRoutingProvider:143 in the config xml.
2025-10-06T16:06:00,504  INFO SpeedyALTData:51 find dead ends...
2025-10-06T16:06:00,510  INFO SpeedyALTData:132 calculate landmarks...
2025-10-06T16:06:00,848  INFO SpeedyALTData:173 calculate min travelcost...
2025-10-06T16:06:00,897  INFO RandomizingTimeDistanceTravelDisutilityFactory:86  sigma: 3.0; resulting normalization: 0.011108996538242306
2025-10-06T16:06:00,898  WARN NetworkRoutingProvider:137 [mode: car; routingMode: car] Using deprecated routing module without access/egress. Consider using AccessEgressNetworkRouter instead.
2025-10-06T16:06:00,909  WARN NetworkRoutingProvider:138 This can be achieved by something like
2025-10-06T16:06:00,920  WARN NetworkRoutingProvider:139 		config.routing().setAccessEgressType( AccessEgressType.accessEgressModeToLink );
2025-10-06T16:06:00,931  WARN NetworkRoutingProvider:140 in code or
2025-10-06T16:06:00,942  WARN NetworkRoutingProvider:141 	<module name="routing" >
2025-10-06T16:06:00,953  WARN NetworkRoutingProvider:142 		<param name="accessEgressType" value="accessEgressModeToLink" />
2025-10-06T16:06:00,964  WARN NetworkRoutingProvider:143 in the config xml.
2025-10-06T16:06:00,990  INFO Counter:75 [PersonPrepareForSim] handled person # 0
2025-10-06T16:06:01,027  INFO AbstractController:136 ###################################################
2025-10-06T16:06:01,028  INFO AbstractController:137 ### ITERATION 0 BEGINS
2025-10-06T16:06:01,050  INFO ControlerListenerManagerImpl:165 calling notifyIterationStarts on org.matsim.analysis.LegTimesControlerListener with priority 0.0
2025-10-06T16:06:01,061  INFO EventsManagerImpl:139 === Logging of event-handlers skipped ===
2025-10-06T16:06:01,072  INFO EventsManagerImpl:140 To enable debug output, set an environment variable i.e. export LOG_LEVEL='debug', or set log.setLogLevel(Level.DEBUG) in your run class.
2025-10-06T16:06:01,083  INFO EventsManagerImpl:210     > org.matsim.api.core.v01.events.PersonDepartureEvent
2025-10-06T16:06:01,094  INFO EventsManagerImpl:210     > org.matsim.api.core.v01.events.PersonArrivalEvent
2025-10-06T16:06:01,105  INFO EventsManagerImpl:210     > org.matsim.api.core.v01.events.ActivityEndEvent
2025-10-06T16:06:01,116  INFO EventsManagerImpl:210     > org.matsim.api.core.v01.events.ActivityStartEvent
2025-10-06T16:06:01,127  INFO EventsManagerImpl:139 === Logging of event-handlers skipped ===
2025-10-06T16:06:01,138  INFO EventsManagerImpl:140 To enable debug output, set an environment variable i.e. export LOG_LEVEL='debug', or set log.setLogLevel(Level.DEBUG) in your run class.
2025-10-06T16:06:01,149  INFO EventsManagerImpl:210     > org.matsim.api.core.v01.events.PersonDepartureEvent
2025-10-06T16:06:01,160  INFO EventsManagerImpl:210     > org.matsim.api.core.v01.events.PersonArrivalEvent
2025-10-06T16:06:01,171  INFO EventsManagerImpl:210     > org.matsim.api.core.v01.events.ActivityEndEvent
2025-10-06T16:06:01,182  INFO EventsManagerImpl:210     > org.matsim.api.core.v01.events.ActivityStartEvent
2025-10-06T16:06:01,193  INFO ControlerListenerManagerImpl:165 calling notifyIterationStarts on org.matsim.analysis.LegHistogramListener with priority 0.0
2025-10-06T16:06:01,204  INFO EventsManagerImpl:139 === Logging of event-handlers skipped ===
2025-10-06T16:06:01,215  INFO EventsManagerImpl:140 To enable debug output, set an environment variable i.e. export LOG_LEVEL='debug', or set log.setLogLevel(Level.DEBUG) in your run class.
2025-10-06T16:06:01,226  INFO EventsManagerImpl:210     > org.matsim.api.core.v01.events.PersonDepartureEvent
2025-10-06T16:06:01,237  INFO EventsManagerImpl:210     > org.matsim.api.core.v01.events.PersonArrivalEvent
2025-10-06T16:06:01,248  INFO EventsManagerImpl:210     > org.matsim.api.core.v01.events.PersonStuckEvent
2025-10-06T16:06:01,259  INFO EventsManagerImpl:139 === Logging of event-handlers skipped ===
2025-10-06T16:06:01,281  INFO EventsManagerImpl:140 To enable debug output, set an environment variable i.e. export LOG_LEVEL='debug', or set log.setLogLevel(Level.DEBUG) in your run class.
2025-10-06T16:06:01,292  INFO EventsManagerImpl:210     > org.matsim.api.core.v01.events.PersonDepartureEvent
2025-10-06T16:06:01,303  INFO EventsManagerImpl:210     > org.matsim.api.core.v01.events.PersonArrivalEvent
2025-10-06T16:06:01,314  INFO EventsManagerImpl:210     > org.matsim.api.core.v01.events.PersonStuckEvent
2025-10-06T16:06:01,325  INFO ControlerListenerManagerImpl:165 calling notifyIterationStarts on org.matsim.analysis.LinkStatsControlerListener with priority 0.0
2025-10-06T16:06:01,336  INFO ControlerListenerManagerImpl:165 calling notifyIterationStarts on org.matsim.core.replanning.ReplanningContextImpl with priority 0.0
2025-10-06T16:06:01,347  INFO ControlerListenerManagerImpl:165 calling notifyIterationStarts on org.matsim.core.scoring.ScoringFunctionsForPopulation$$Lambda/0x000014f1dc5a2c18 with priority 0.0
2025-10-06T16:06:01,358  INFO ControlerListenerManagerImpl:165 calling notifyIterationStarts on org.matsim.core.scoring.ExperiencedPlansServiceImpl$1 with priority 0.0
2025-10-06T16:06:01,369  INFO ControlerListenerManagerImpl:168 [it.0] all ControlerIterationStartsListeners called.
2025-10-06T16:06:01,380  INFO ControlerListenerManagerImpl:251 calling notifyBeforeMobsim on org.matsim.core.controler.corelisteners.EventsHandlingImpl with priority 0.0
2025-10-06T16:06:01,391  INFO EventsManagerImpl:173 resetting Event-Handlers
2025-10-06T16:06:01,402  INFO EventsManagerImpl:180   org.matsim.core.trafficmonitoring.TravelTimeCalculator
2025-10-06T16:06:01,414  INFO EventsManagerImpl:180   org.matsim.analysis.VolumesAnalyzer
2025-10-06T16:06:01,424  INFO EventsManagerImpl:180   org.matsim.core.scoring.ScoringFunctionsForPopulation
2025-10-06T16:06:01,435  INFO EventsManagerImpl:180   org.matsim.freight.carriers.controller.CarrierAgentTracker
2025-10-06T16:06:01,446  INFO EventsManagerImpl:180   org.matsim.analysis.CalcLegTimes
2025-10-06T16:06:01,457  INFO EventsManagerImpl:180   org.matsim.analysis.LegHistogram
2025-10-06T16:06:01,537  INFO EventsManagerImpl:139 === Logging of event-handlers skipped ===
2025-10-06T16:06:01,538  INFO EventsManagerImpl:140 To enable debug output, set an environment variable i.e. export LOG_LEVEL='debug', or set log.setLogLevel(Level.DEBUG) in your run class.
2025-10-06T16:06:01,549  INFO EventsManagerImpl:210     > org.matsim.api.core.v01.events.Event
2025-10-06T16:06:01,560  INFO EventsManagerImpl:139 === Logging of event-handlers skipped ===
2025-10-06T16:06:01,571  INFO EventsManagerImpl:140 To enable debug output, set an environment variable i.e. export LOG_LEVEL='debug', or set log.setLogLevel(Level.DEBUG) in your run class.
2025-10-06T16:06:01,582  INFO EventsManagerImpl:210     > org.matsim.api.core.v01.events.Event
2025-10-06T16:06:01,593  INFO ControlerListenerManagerImpl:251 calling notifyBeforeMobsim on org.matsim.core.controler.corelisteners.PlansDumpingImpl with priority 0.0
2025-10-06T16:06:01,604  INFO PlansDumpingImpl:77 dumping plans...
2025-10-06T16:06:01,629  INFO Counter:75 [ParallelPopulationWriterV6] dumped person # 0
2025-10-06T16:06:01,648  INFO PopulationWriter:150 Population written to: output/Montag_control/ITERS/it.0/0.plans.xml.gz
2025-10-06T16:06:01,648  INFO Counter:75 [PopulationWriter] dumped person # 0
2025-10-06T16:06:01,649  INFO PlansDumpingImpl:94 finished plans dump.
2025-10-06T16:06:01,649  INFO ControlerListenerManagerImpl:257 calling notifyBeforeMobsim on org.matsim.core.population.VspPlansCleaner with priority 0.0
2025-10-06T16:06:01,649  INFO ControlerListenerManagerImpl:260 [it.0] all ControlerBeforeMobsimListeners called.
2025-10-06T16:06:01,650  INFO PrepareForMobsimImpl:86 Network seems to be multimodal. Create car-only network which is handed over to PersonPrepareForSim.
2025-10-06T16:06:01,650  INFO NetworkImpl:165  node # 1
2025-10-06T16:06:01,650  INFO NetworkImpl:165  node # 4
2025-10-06T16:06:01,650  INFO NetworkImpl:165  node # 16
2025-10-06T16:06:01,651  INFO NetworkImpl:165  node # 64
2025-10-06T16:06:01,651  INFO NetworkImpl:165  node # 256
2025-10-06T16:06:01,651  INFO NetworkImpl:165  node # 1024
2025-10-06T16:06:01,651  INFO NetworkImpl:165  node # 4096
2025-10-06T16:06:01,653  INFO NetworkImpl:165  node # 16384
2025-10-06T16:06:01,656  INFO NetworkImpl:165  node # 65536
2025-10-06T16:06:01,659  INFO NetworkImpl:161  link # 1
2025-10-06T16:06:01,659  INFO NetworkImpl:161  link # 4
2025-10-06T16:06:01,660  INFO NetworkImpl:161  link # 16
2025-10-06T16:06:01,660  INFO NetworkImpl:161  link # 64
2025-10-06T16:06:01,660  INFO NetworkImpl:161  link # 256
2025-10-06T16:06:01,661  INFO NetworkImpl:161  link # 1024
2025-10-06T16:06:01,664  INFO NetworkImpl:161  link # 4096
2025-10-06T16:06:01,674  INFO NetworkImpl:161  link # 16384
2025-10-06T16:06:01,732  INFO NetworkImpl:161  link # 65536
2025-10-06T16:06:01,858  INFO RandomizingTimeDistanceTravelDisutilityFactory:86  sigma: 3.0; resulting normalization: 0.011108996538242306
2025-10-06T16:06:01,859  WARN NetworkRoutingProvider:137 [mode: car; routingMode: car] Using deprecated routing module without access/egress. Consider using AccessEgressNetworkRouter instead.
2025-10-06T16:06:01,870  WARN NetworkRoutingProvider:138 This can be achieved by something like
2025-10-06T16:06:01,881  WARN NetworkRoutingProvider:139 		config.routing().setAccessEgressType( AccessEgressType.accessEgressModeToLink );
2025-10-06T16:06:01,892  WARN NetworkRoutingProvider:140 in code or
2025-10-06T16:06:01,903  WARN NetworkRoutingProvider:141 	<module name="routing" >
2025-10-06T16:06:01,914  WARN NetworkRoutingProvider:142 		<param name="accessEgressType" value="accessEgressModeToLink" />
2025-10-06T16:06:01,925  WARN NetworkRoutingProvider:143 in the config xml.
2025-10-06T16:06:01,945  INFO RandomizingTimeDistanceTravelDisutilityFactory:86  sigma: 3.0; resulting normalization: 0.011108996538242306
2025-10-06T16:06:01,958  WARN NetworkRoutingProvider:137 [mode: car; routingMode: car] Using deprecated routing module without access/egress. Consider using AccessEgressNetworkRouter instead.
2025-10-06T16:06:01,969  WARN NetworkRoutingProvider:138 This can be achieved by something like
2025-10-06T16:06:01,980  WARN NetworkRoutingProvider:139 		config.routing().setAccessEgressType( AccessEgressType.accessEgressModeToLink );
2025-10-06T16:06:01,991  WARN NetworkRoutingProvider:140 in code or
2025-10-06T16:06:02,002  WARN NetworkRoutingProvider:141 	<module name="routing" >
2025-10-06T16:06:02,013  WARN NetworkRoutingProvider:142 		<param name="accessEgressType" value="accessEgressModeToLink" />
2025-10-06T16:06:02,024  WARN NetworkRoutingProvider:143 in the config xml.
2025-10-06T16:06:02,044  INFO Counter:75 [PersonPrepareForSim] handled person # 0
2025-10-06T16:06:02,096  INFO MobsimListenerManager:50 calling addQueueSimulationListener
2025-10-06T16:06:02,097  INFO MobsimListenerManager:54   assigned class org.matsim.core.mobsim.framework.listeners.MobsimListener to interface org.matsim.core.mobsim.framework.listeners.MobsimListener
2025-10-06T16:06:02,108  INFO MobsimListenerManager:54   assigned class org.matsim.core.mobsim.framework.listeners.MobsimListener to interface org.matsim.core.mobsim.framework.listeners.MobsimInitializedListener
2025-10-06T16:06:02,119  INFO MobsimListenerManager:54   assigned class org.matsim.core.mobsim.framework.listeners.MobsimListener to interface org.matsim.core.mobsim.framework.listeners.MobsimAfterSimStepListener
2025-10-06T16:06:02,130  INFO MobsimListenerManager:54   assigned class org.matsim.core.mobsim.framework.listeners.MobsimListener to interface org.matsim.vis.snapshotwriters.SnapshotWriterManager
2025-10-06T16:06:02,141  INFO MobsimListenerManager:54   assigned class org.matsim.core.mobsim.framework.listeners.MobsimListener to interface org.matsim.core.mobsim.framework.listeners.MobsimBeforeCleanupListener
2025-10-06T16:06:02,154  INFO QSimProvider:131 Added MobsimEngine class org.matsim.core.mobsim.qsim.ActivityEngineDefaultImpl
2025-10-06T16:06:02,163  INFO QSimProvider:137 Added Activityhandler class org.matsim.core.mobsim.qsim.ActivityEngineDefaultImpl
2025-10-06T16:06:02,219  WARN QueueWithBuffer:504 Link 100061 too small: enlarge storage capacity from: 2.364373543642173 Vehicles to: 2.5085918713079165 Vehicles.  This is not fatal, but modifies the traffic flow dynamics.
2025-10-06T16:06:02,220  WARN QueueWithBuffer:504 Link 100062 too small: enlarge storage capacity from: 2.364373543642173 Vehicles to: 2.5085918713079165 Vehicles.  This is not fatal, but modifies the traffic flow dynamics.
2025-10-06T16:06:02,231  WARN QueueWithBuffer:504 Link 100159 too small: enlarge storage capacity from: 2.3279058035016513 Vehicles to: 2.4810996196243544 Vehicles.  This is not fatal, but modifies the traffic flow dynamics.
2025-10-06T16:06:02,242  WARN QueueWithBuffer:504 Link 100160 too small: enlarge storage capacity from: 2.3279058035016513 Vehicles to: 2.4810996196243544 Vehicles.  This is not fatal, but modifies the traffic flow dynamics.
2025-10-06T16:06:02,253  WARN QueueWithBuffer:504 Link 100279 too small: enlarge storage capacity from: 0.8044626111127964 Vehicles to: 1.057778804356083 Vehicles.  This is not fatal, but modifies the traffic flow dynamics.
2025-10-06T16:06:02,264  WARN QueueWithBuffer:504 Link 100280 too small: enlarge storage capacity from: 0.8044626111127964 Vehicles to: 1.057778804356083 Vehicles.  This is not fatal, but modifies the traffic flow dynamics.
2025-10-06T16:06:02,277  WARN QueueWithBuffer:504 Link 100766 too small: enlarge storage capacity from: 1.5677384686274727 Vehicles to: 1.8453328312273465 Vehicles.  This is not fatal, but modifies the traffic flow dynamics.
2025-10-06T16:06:02,286  WARN QueueWithBuffer:504 Link 100767 too small: enlarge storage capacity from: 1.5677384686274727 Vehicles to: 1.8453328312273465 Vehicles.  This is not fatal, but modifies the traffic flow dynamics.
2025-10-06T16:06:02,297  WARN QueueWithBuffer:504 Link 100840 too small: enlarge storage capacity from: 1.367826997551048 Vehicles to: 1.6554708862490988 Vehicles.  This is not fatal, but modifies the traffic flow dynamics.
2025-10-06T16:06:02,308  WARN QueueWithBuffer:504 Link 100841 too small: enlarge storage capacity from: 1.367826997551048 Vehicles to: 1.6554708862490988 Vehicles.  This is not fatal, but modifies the traffic flow dynamics.
2025-10-06T16:06:02,319  WARN QueueWithBuffer:504 Link 100962 too small: enlarge storage capacity from: 18.588510955649852 Vehicles to: 33.45931972016973 Vehicles.  This is not fatal, but modifies the traffic flow dynamics.
2025-10-06T16:06:02,330  WARN QueueWithBuffer:507 Additional warnings of this type are suppressed.
2025-10-06T16:06:02,607  INFO QSimProvider:131 Added MobsimEngine class org.matsim.core.mobsim.qsim.qnetsimengine.QNetsimEngineWithThreadpool
2025-10-06T16:06:02,608  INFO QSimProvider:143 Added DepartureHandler class org.matsim.core.mobsim.qsim.qnetsimengine.NetworkModeDepartureHandlerDefaultImpl
2025-10-06T16:06:02,619  INFO QSimProvider:131 Added MobsimEngine class org.matsim.core.mobsim.qsim.DefaultTeleportationEngine
2025-10-06T16:06:02,630  INFO QSimProvider:143 Added DepartureHandler class org.matsim.core.mobsim.qsim.DefaultTeleportationEngine
2025-10-06T16:06:02,641  INFO QSimProvider:149 Added AgentSource class org.matsim.core.mobsim.qsim.agents.PopulationAgentSource
2025-10-06T16:06:02,652  INFO MobsimListenerManager:50 calling addQueueSimulationListener
2025-10-06T16:06:02,663  INFO MobsimListenerManager:54   assigned class org.matsim.core.mobsim.framework.listeners.MobsimListener to interface org.matsim.core.mobsim.framework.listeners.MobsimBeforeSimStepListener
2025-10-06T16:06:02,674  INFO MobsimListenerManager:54   assigned class org.matsim.core.mobsim.framework.listeners.MobsimListener to interface org.matsim.core.mobsim.framework.listeners.MobsimListener
2025-10-06T16:06:02,685  INFO MobsimListenerManager:54   assigned class org.matsim.core.mobsim.framework.listeners.MobsimListener to interface org.matsim.core.mobsim.qsim.messagequeueengine.MessageQueueEngine
2025-10-06T16:06:02,696  INFO QSimProvider:155 Added MobsimListener class org.matsim.core.mobsim.qsim.messagequeueengine.MessageQueueEngine
2025-10-06T16:06:02,707  INFO QSimProvider:149 Added AgentSource class org.matsim.freight.carriers.controller.FreightAgentSource
2025-10-06T16:06:02,718  INFO MobsimListenerManager:50 calling addQueueSimulationListener
2025-10-06T16:06:02,729  INFO MobsimListenerManager:54   assigned class org.matsim.core.mobsim.framework.listeners.MobsimListener to interface org.matsim.freight.carriers.controller.WithinDayActivityReScheduling
2025-10-06T16:06:02,740  INFO MobsimListenerManager:54   assigned class org.matsim.core.mobsim.framework.listeners.MobsimListener to interface org.matsim.core.mobsim.framework.listeners.MobsimBeforeSimStepListener
2025-10-06T16:06:02,751  INFO MobsimListenerManager:54   assigned class org.matsim.core.mobsim.framework.listeners.MobsimListener to interface org.matsim.core.mobsim.framework.listeners.MobsimListener
2025-10-06T16:06:02,762  INFO QSimProvider:155 Added MobsimListener class org.matsim.freight.carriers.controller.WithinDayActivityReScheduling
2025-10-06T16:06:02,779  INFO VehicleUtils:431 adding scenario element for allvehicles container
2025-10-06T16:06:02,795  INFO Counter:70 [VehiclesImpl] added vehicle # 1
2025-10-06T16:06:02,806  INFO PopulationUtils:1292 adding scenario element for allpersons container
2025-10-06T16:06:02,818  INFO PopulationImpl:111  person # 1
2025-10-06T16:06:02,828  INFO Counter:70 [VehiclesImpl] added vehicle # 2
2025-10-06T16:06:02,841  INFO Counter:70 [VehiclesImpl] added vehicle # 4
2025-10-06T16:06:02,861  INFO PopulationImpl:111  person # 4
2025-10-06T16:06:02,872  INFO Counter:70 [VehiclesImpl] added vehicle # 8
2025-10-06T16:06:02,886  INFO Counter:70 [VehiclesImpl] added vehicle # 16
2025-10-06T16:06:02,894  INFO PopulationImpl:111  person # 16
2025-10-06T16:06:02,906  INFO Counter:70 [VehiclesImpl] added vehicle # 32
2025-10-06T16:06:02,923  INFO Counter:70 [VehiclesImpl] added vehicle # 64
2025-10-06T16:06:02,938  INFO PopulationImpl:111  person # 64
2025-10-06T16:06:02,962  INFO Counter:70 [VehiclesImpl] added vehicle # 128
2025-10-06T16:06:03,061  INFO AbstractQNetsimEngine:421 Assigned 101372 nodes and 202360 links to QSimEngineRunner #0
2025-10-06T16:06:03,129  INFO EventsManagerImpl:116  event # 1
2025-10-06T16:06:03,135  INFO AbstractQNetsimEngine:359 SIMULATION (QNetsimEngine) AT 06:00:00 : #links=4 #nodes=4
2025-10-06T16:06:03,139  INFO EventsManagerImpl:116  event # 4
2025-10-06T16:06:03,155  INFO QSim:552 SIMULATION (NEW QSim) AT 06:00:00 : #active agents=191 lost=0 simT=0.0s realT=1s; (s/r): 0.0
2025-10-06T16:06:03,164  INFO EventsManagerImpl:116  event # 16
2025-10-06T16:06:03,187  INFO EventsManagerImpl:116  event # 64
2025-10-06T16:06:03,200  INFO EventsManagerImpl:116  event # 256
2025-10-06T16:06:03,237  INFO EventsManagerImpl:116  event # 1024
2025-10-06T16:06:03,299  INFO EventsManagerImpl:116  event # 4096
2025-10-06T16:06:03,400  INFO EventsManagerImpl:116  event # 16384
2025-10-06T16:06:03,767  INFO AbstractQNetsimEngine:359 SIMULATION (QNetsimEngine) AT 07:00:00 : #links=39 #nodes=3
2025-10-06T16:06:03,768  INFO QSim:552 SIMULATION (NEW QSim) AT 07:00:00 : #active agents=191 lost=0 simT=3600.0s realT=1s; (s/r): 3600.0
2025-10-06T16:06:03,806  INFO EventsManagerImpl:116  event # 65536
2025-10-06T16:06:04,218 ERROR BasicPlanAgentImpl:187 last activity of person driver agent id freight_Carrier Haselhorst1_veh_TruckForckenbeckDiesel_3 has end time < infty; setting it to infty
2025-10-06T16:06:04,219 ERROR BasicPlanAgentImpl:188  This message given only once.
2025-10-06T16:06:04,291  INFO AbstractQNetsimEngine:359 SIMULATION (QNetsimEngine) AT 08:00:00 : #links=80 #nodes=5
2025-10-06T16:06:04,292  INFO QSim:552 SIMULATION (NEW QSim) AT 08:00:00 : #active agents=190 lost=0 simT=7200.0s realT=2s; (s/r): 3600.0
2025-10-06T16:06:04,927  INFO AbstractQNetsimEngine:359 SIMULATION (QNetsimEngine) AT 09:00:00 : #links=40 #nodes=5
2025-10-06T16:06:04,931  INFO QSim:552 SIMULATION (NEW QSim) AT 09:00:00 : #active agents=185 lost=0 simT=10800.0s realT=2s; (s/r): 5400.0
2025-10-06T16:06:05,400  INFO EventsManagerImpl:116  event # 262144
2025-10-06T16:06:05,695  INFO AbstractQNetsimEngine:359 SIMULATION (QNetsimEngine) AT 10:00:00 : #links=70 #nodes=6
2025-10-06T16:06:05,697  INFO QSim:552 SIMULATION (NEW QSim) AT 10:00:00 : #active agents=140 lost=0 simT=14400.0s realT=3s; (s/r): 4800.0
2025-10-06T16:06:06,422  INFO AbstractQNetsimEngine:359 SIMULATION (QNetsimEngine) AT 11:00:00 : #links=35 #nodes=4
2025-10-06T16:06:06,424  INFO QSim:552 SIMULATION (NEW QSim) AT 11:00:00 : #active agents=103 lost=0 simT=18000.0s realT=4s; (s/r): 4500.0
2025-10-06T16:06:07,144  INFO AbstractQNetsimEngine:359 SIMULATION (QNetsimEngine) AT 12:00:00 : #links=42 #nodes=3
2025-10-06T16:06:07,145  INFO QSim:552 SIMULATION (NEW QSim) AT 12:00:00 : #active agents=93 lost=0 simT=21600.0s realT=5s; (s/r): 4320.0
2025-10-06T16:06:07,922  INFO AbstractQNetsimEngine:359 SIMULATION (QNetsimEngine) AT 13:00:00 : #links=28 #nodes=3
2025-10-06T16:06:07,923  INFO QSim:552 SIMULATION (NEW QSim) AT 13:00:00 : #active agents=71 lost=0 simT=25200.0s realT=5s; (s/r): 5040.0
2025-10-06T16:06:08,687  INFO AbstractQNetsimEngine:359 SIMULATION (QNetsimEngine) AT 14:00:00 : #links=18 #nodes=3
2025-10-06T16:06:08,688  INFO QSim:552 SIMULATION (NEW QSim) AT 14:00:00 : #active agents=22 lost=0 simT=28800.0s realT=6s; (s/r): 4800.0
2025-10-06T16:06:09,005  INFO Gbl:196 Thread performance: Thread=class org.matsim.core.events.SimStepParallelEventsManagerImpl$ProcessEventsRunnable0  cpu-time=1.863266621sec
2025-10-06T16:06:09,005  INFO AbstractController$9:237 ### ITERATION 0 fires after mobsim event
2025-10-06T16:06:09,017  INFO ControlerListenerManagerImpl:278 calling notifyAfterMobsim on org.matsim.analysis.LegTimesControlerListener with priority 0.0
2025-10-06T16:06:09,039  INFO LegTimesControlerListener:73 [0] average leg duration is: 70 seconds = 00:01:10
2025-10-06T16:06:09,050  INFO ControlerListenerManagerImpl:278 calling notifyAfterMobsim on org.matsim.core.events.MobsimScopeEventHandling with priority 0.0
2025-10-06T16:06:09,061  INFO ControlerListenerManagerImpl:278 calling notifyAfterMobsim on org.matsim.core.scoring.EventsToActivities$1 with priority 0.0
2025-10-06T16:06:09,072  INFO ControlerListenerManagerImpl:281 [it.0] all ControlerAfterMobsimListeners called.
2025-10-06T16:06:09,083  INFO AbstractController$4:162 ### ITERATION 0 fires scoring event
2025-10-06T16:06:09,094  INFO ControlerListenerManagerImpl:206 calling notifyScoring on org.matsim.core.scoring.PlansScoringImpl with priority 0.0
2025-10-06T16:06:09,106  INFO NewScoreAssignerImpl:60 it: 0 msaStart: null
2025-10-06T16:06:09,127  INFO ControlerListenerManagerImpl:214 calling notifyScoring on org.matsim.freight.carriers.controller.CarrierControllerListener with priority 0.0
2025-10-06T16:06:09,138  INFO ControlerListenerManagerImpl:218 [it.0] all ControlerScoringListeners called.
2025-10-06T16:06:09,149  INFO AbstractController$5:170 ### ITERATION 0 fires iteration end event
2025-10-06T16:06:09,160  INFO ControlerListenerManagerImpl:181 calling notifyIterationEnds on org.matsim.core.controler.corelisteners.EventsHandlingImpl with priority 0.0
2025-10-06T16:06:09,171  INFO EventsManagerImpl:164 removing Event-Handler: org.matsim.core.events.algorithms.EventWriterXML
2025-10-06T16:06:09,182  INFO EventsManagerImpl:164 removing Event-Handler: org.matsim.core.events.algorithms.EventWriterXML
2025-10-06T16:06:09,193  INFO ControlerListenerManagerImpl:181 calling notifyIterationEnds on org.matsim.core.scoring.PlansScoringImpl with priority 0.0
2025-10-06T16:06:09,216  INFO Counter:75 [ParallelPopulationWriterV6] dumped person # 0
2025-10-06T16:06:09,226  INFO PopulationWriter:150 Population written to: output/Montag_control/ITERS/it.0/0.experienced_plans.xml.gz
2025-10-06T16:06:09,237  INFO Counter:75 [PopulationWriter] dumped person # 0
2025-10-06T16:06:09,259  INFO ControlerListenerManagerImpl:189 calling notifyIterationEnds on org.matsim.counts.CountsControlerListener with priority 0.0
2025-10-06T16:06:09,270  INFO ControlerListenerManagerImpl:189 calling notifyIterationEnds on org.matsim.analysis.ModeChoiceCoverageControlerListener with priority 0.0
2025-10-06T16:06:09,281  WARN ModeChoiceCoverageControlerListener:194 There are no trips conducted by the analyzed population. This should only be the case for tests. If you are running a simulation run,  this should not happen. Check your population.
2025-10-06T16:06:09,292  INFO ControlerListenerManagerImpl:189 calling notifyIterationEnds on org.matsim.analysis.ModeStatsControlerListener with priority 0.0
2025-10-06T16:06:09,303  INFO ModeStatsControlerListener:133 Mode shares over all 0.0 trips found. MainModeIdentifier: class org.matsim.core.router.DefaultAnalysisMainModeIdentifier
2025-10-06T16:06:09,325  INFO ControlerListenerManagerImpl:189 calling notifyIterationEnds on org.matsim.analysis.ScoreStatsControlerListener with priority 0.0
2025-10-06T16:06:09,336  INFO ScoreStatsControlerListener:154 -- avg. score of the executed plan of each agent: NaN
2025-10-06T16:06:09,347  INFO ScoreStatsControlerListener:155 -- avg. score of the worst plan of each agent: NaN
2025-10-06T16:06:09,358  INFO ScoreStatsControlerListener:156 -- avg. of the avg. plan score per agent: NaN
2025-10-06T16:06:09,369  INFO ScoreStatsControlerListener:157 -- avg. score of the best plan of each agent: NaN
2025-10-06T16:06:09,382  INFO ControlerListenerManagerImpl:189 calling notifyIterationEnds on org.matsim.analysis.IterationTravelStatsControlerListener with priority 0.0
2025-10-06T16:06:09,405  INFO TravelDistanceStats:115 -- average leg distance per plan (executed plans only): 0.0 meters
2025-10-06T16:06:09,413  INFO TravelDistanceStats:116 average leg distance per Person (executed plans only): NaN meters (statistic on all 0 legs which have a finite distance)
2025-10-06T16:06:09,424  INFO TravelDistanceStats:117 -- average trip distance per plan (executed plans only): 0.0 meters
2025-10-06T16:06:09,435  INFO TravelDistanceStats:118 average trip distance per Person (executed plans only): NaN meters (statistic on all 0 trips which have a finite distance)
2025-10-06T16:06:09,446  INFO TravelDistanceStats:119 (TravelDistanceStats takes an average over all legs where the simulation reports travelled (network) distances
2025-10-06T16:06:09,457  INFO TravelDistanceStats:120 (and teleported legs whose route contains a distance.)
2025-10-06T16:06:09,512  INFO ActivityWriter:39 Writing all Activities to activitiescsv
2025-10-06T16:06:09,534  INFO ActivityWriter:59 ...done
2025-10-06T16:06:09,545  INFO ControlerListenerManagerImpl:189 calling notifyIterationEnds on org.matsim.analysis.LegTimesControlerListener with priority 0.0
2025-10-06T16:06:09,556  INFO EventsManagerImpl:164 removing Event-Handler: org.matsim.analysis.CalcLegTimes
2025-10-06T16:06:09,567  INFO EventsManagerImpl:164 removing Event-Handler: org.matsim.analysis.CalcLegTimes
2025-10-06T16:06:09,578  INFO ControlerListenerManagerImpl:189 calling notifyIterationEnds on org.matsim.analysis.LegHistogramListener with priority 0.0
2025-10-06T16:06:09,605  INFO LegHistogramListener:79 number of legs:	0	100%
2025-10-06T16:06:10,109  INFO EventsManagerImpl:164 removing Event-Handler: org.matsim.analysis.LegHistogram
2025-10-06T16:06:10,120  INFO EventsManagerImpl:164 removing Event-Handler: org.matsim.analysis.LegHistogram
2025-10-06T16:06:10,131  INFO ControlerListenerManagerImpl:189 calling notifyIterationEnds on org.matsim.analysis.LinkStatsControlerListener with priority 0.0
2025-10-06T16:06:10,142  INFO ControlerListenerManagerImpl:193 [it.0] all ControlerIterationEndsListeners called.
2025-10-06T16:06:10,251  INFO AbstractController:184 ### ITERATION 0 ENDS
2025-10-06T16:06:10,262  INFO AbstractController:185 ###################################################
2025-10-06T16:06:10,273  INFO MatsimRuntimeModifications:81 S H U T D O W N   ---   start shutdown.
2025-10-06T16:06:10,284  INFO ControlerListenerManagerImpl:137 calling notifyShutdown on org.matsim.core.controler.corelisteners.EventsHandlingImpl with priority 0.0
2025-10-06T16:06:10,295  INFO ControlerListenerManagerImpl:137 calling notifyShutdown on org.matsim.core.controler.corelisteners.DumpDataAtEndImpl with priority 0.0
2025-10-06T16:06:10,317  INFO Counter:75 [ParallelPopulationWriterV6] dumped person # 0
2025-10-06T16:06:10,318  INFO PopulationWriter:150 Population written to: output/Montag_control/output_plans.xml.gz
2025-10-06T16:06:10,318  INFO Counter:75 [PopulationWriter] dumped person # 0
2025-10-06T16:06:10,319  INFO NetworkWriter:70 Writing network to file: output/Montag_control/output_network.xml.gz...
2025-10-06T16:06:11,874  INFO NetworkWriter:73 done.
2025-10-06T16:06:11,897  INFO Config:461 setting context to [file:/net/ils/bennett/testing/]
2025-10-06T16:06:11,910  INFO Config:461 setting context to [file:/net/ils/bennett/testing/]
2025-10-06T16:06:11,921  INFO Config:461 setting context to [file:/net/ils/bennett/testing/]
2025-10-06T16:06:11,931  INFO Config:461 setting context to [file:/net/ils/bennett/testing/]
2025-10-06T16:06:11,942  INFO Config:461 setting context to [file:/net/ils/bennett/testing/]
2025-10-06T16:06:11,964  INFO Config:461 setting context to [file:/net/ils/bennett/testing/]
2025-10-06T16:06:11,975  INFO Config:461 setting context to [file:/net/ils/bennett/testing/]
2025-10-06T16:06:11,986  INFO Config:461 setting context to [file:/net/ils/bennett/testing/]
2025-10-06T16:06:11,997  INFO Config:461 setting context to [file:/net/ils/bennett/testing/]
2025-10-06T16:06:12,018  INFO Config:461 setting context to [file:/net/ils/bennett/testing/]
2025-10-06T16:06:12,040  INFO Config:461 setting context to [file:/net/ils/bennett/testing/]
2025-10-06T16:06:12,051  INFO Config:461 setting context to [file:/net/ils/bennett/testing/]
2025-10-06T16:06:12,062  INFO Config:461 setting context to [file:/net/ils/bennett/testing/]
2025-10-06T16:06:12,085  INFO Config:461 setting context to [file:/net/ils/bennett/testing/]
2025-10-06T16:06:12,097  INFO Config:461 setting context to [file:/net/ils/bennett/testing/]
2025-10-06T16:06:12,118  INFO Config:461 setting context to [file:/net/ils/bennett/testing/]
2025-10-06T16:06:12,129  INFO Config:461 setting context to [file:/net/ils/bennett/testing/]
2025-10-06T16:06:12,140  INFO Config:461 setting context to [file:/net/ils/bennett/testing/]
2025-10-06T16:06:12,151  INFO Config:461 setting context to [file:/net/ils/bennett/testing/]
2025-10-06T16:06:12,161  INFO Config:461 setting context to [file:/net/ils/bennett/testing/]
2025-10-06T16:06:12,175  INFO Config:461 setting context to [file:/net/ils/bennett/testing/]
2025-10-06T16:06:12,183  INFO Config:461 setting context to [file:/net/ils/bennett/testing/]
2025-10-06T16:06:12,194  INFO Config:461 setting context to [file:/net/ils/bennett/testing/]
2025-10-06T16:06:12,205  INFO Config:461 setting context to [file:/net/ils/bennett/testing/]
2025-10-06T16:06:12,217  INFO Config:461 setting context to [file:/net/ils/bennett/testing/]
2025-10-06T16:06:12,227  INFO Config:461 setting context to [file:/net/ils/bennett/testing/]
2025-10-06T16:06:12,238  INFO Config:461 setting context to [file:/net/ils/bennett/testing/]
2025-10-06T16:06:12,261  INFO MatsimVehicleWriter:49 about to write vehicles to: output/Montag_control/output_vehicles.xml.gz
2025-10-06T16:06:12,271  INFO VehicleWriterV2:64 about to write vehicles to: output/Montag_control/output_vehicles.xml.gz
2025-10-06T16:06:12,294  INFO MatsimVehicleWriter:49 about to write vehicles to: output/Montag_control/output_allVehicles.xml.gz
2025-10-06T16:06:12,304  INFO VehicleWriterV2:64 about to write vehicles to: output/Montag_control/output_allVehicles.xml.gz
2025-10-06T16:06:12,327  INFO HouseholdsWriterV10:66 about to write  households to: output/Montag_control/output_households.xml.gz
2025-10-06T16:06:12,348  INFO Counter:75 [HouseholdsWriter] wrote household # 0
2025-10-06T16:06:12,381  INFO CountsWriterV2:45 Write Counts to output/Montag_control/output_counts.xml.gz
2025-10-06T16:06:12,480  INFO ControlerListenerManagerImpl:144 calling notifyShutdown on org.matsim.analysis.ModeChoiceCoverageControlerListener with priority 0.0
2025-10-06T16:06:12,491  INFO ControlerListenerManagerImpl:144 calling notifyShutdown on org.matsim.analysis.ScoreStatsControlerListener with priority 0.0
2025-10-06T16:06:12,502  INFO ControlerListenerManagerImpl:144 calling notifyShutdown on org.matsim.analysis.IterationTravelStatsControlerListener with priority 0.0
2025-10-06T16:06:12,513  INFO PersonWriter:36 Writing all Persons to personscsv
2025-10-06T16:06:12,535  INFO PersonWriter:54 ...done
2025-10-06T16:06:12,546  INFO ControlerListenerManagerImpl:144 calling notifyShutdown on org.matsim.analysis.LinkStatsControlerListener with priority 0.0
2025-10-06T16:06:14,420  INFO ControlerListenerManagerImpl:144 calling notifyShutdown on org.matsim.freight.carriers.controller.CarrierModule$$Lambda/0x000014f1dc57ea98 with priority 0.0
2025-10-06T16:06:14,422  INFO CarrierPlanXmlWriterV2_1:83 write carrier plans
2025-10-06T16:06:14,622  INFO CarrierPlanXmlWriterV2_1:98 done
2025-10-06T16:06:14,623  INFO CarriersUtils:807 Carriers file written to: output/Montag_control/output_carriers.xml.gz
2025-10-06T16:06:14,634  INFO MatsimVehicleWriter:49 about to write vehicles to: output/Montag_control/output_carriersVehicleTypes.xml.gz
2025-10-06T16:06:14,645  INFO VehicleWriterV2:64 about to write vehicles to: output/Montag_control/output_carriersVehicleTypes.xml.gz
2025-10-06T16:06:14,691  INFO CarriersAnalysis:142 ########## Starting Carriers Analysis ##########
2025-10-06T16:06:14,700  INFO Config:461 setting context to [file:/net/ils/bennett/testing/]
2025-10-06T16:06:14,711  INFO GlobalConfigGroup:99 setting number of threads to: 1
2025-10-06T16:06:14,722  INFO ScenarioLoaderImpl:135 loading network from file:/net/ils/bennett/testing/output/Montag_control/output_network.xml.gz
2025-10-06T16:06:14,733  INFO MatsimXmlParser:172 starting to parse xml from url file:/net/ils/bennett/testing/output/Montag_control/output_network.xml.gz ...
2025-10-06T16:06:14,744  INFO MatsimNetworkReader:122 using network_v2-reader.
2025-10-06T16:06:14,755  INFO MatsimXmlParser:299 Trying to load http://www.matsim.org/files/dtd/network_v2.dtd. In some cases (e.g. network interface up but no connection), this may take a while.
2025-10-06T16:06:14,824  INFO NetworkImpl:165  node # 1
2025-10-06T16:06:14,825  INFO NetworkImpl:165  node # 4
2025-10-06T16:06:14,837  INFO NetworkImpl:165  node # 16
2025-10-06T16:06:14,849  INFO NetworkImpl:165  node # 64
2025-10-06T16:06:14,855  INFO NetworkImpl:165  node # 256
2025-10-06T16:06:14,873  INFO NetworkImpl:165  node # 1024
2025-10-06T16:06:14,902  INFO NetworkImpl:165  node # 4096
2025-10-06T16:06:14,944  INFO NetworkImpl:165  node # 16384
2025-10-06T16:06:15,030  INFO NetworkImpl:165  node # 65536
2025-10-06T16:06:15,084  INFO NetworkImpl:161  link # 1
2025-10-06T16:06:15,085  INFO NetworkImpl:161  link # 4
2025-10-06T16:06:15,096  INFO NetworkImpl:161  link # 16
2025-10-06T16:06:15,118  INFO NetworkImpl:161  link # 64
2025-10-06T16:06:15,131  INFO NetworkImpl:161  link # 256
2025-10-06T16:06:15,146  INFO NetworkImpl:161  link # 1024
2025-10-06T16:06:15,185  INFO NetworkImpl:161  link # 4096
2025-10-06T16:06:15,274  INFO NetworkImpl:161  link # 16384
2025-10-06T16:06:15,596  INFO NetworkImpl:161  link # 65536
2025-10-06T16:06:16,374  INFO ScenarioLoaderImpl:172 no facilities file set in config, therefore not loading any facilities.  This is not a problem except if you are using facilities
2025-10-06T16:06:16,375  INFO ScenarioLoaderImpl:188 no facility-attributes file set in config, not loading any facility attributes
2025-10-06T16:06:16,386  INFO ScenarioLoaderImpl:208 no population file set in config, not able to load population
2025-10-06T16:06:16,397  INFO ScenarioLoaderImpl:244 no person-attributes file set in config, not loading any person attributes
2025-10-06T16:06:16,408  INFO ScenarioLoaderImpl:258 no households file set in config, not loading households
2025-10-06T16:06:16,419  INFO ScenarioLoaderImpl:292 no transit schedule file set in config, not loading any transit schedule
2025-10-06T16:06:16,430  INFO ScenarioLoaderImpl:333 no transit vehicles file set in config, not loading any transit vehicles
2025-10-06T16:06:16,441  INFO ScenarioLoaderImpl:339 loading vehicles from output/Montag_control/output_allVehicles.xml.gz
2025-10-06T16:06:16,452  INFO MatsimXmlParser:172 starting to parse xml from url file:/net/ils/bennett/testing/output/Montag_control/output_allVehicles.xml.gz ...
2025-10-06T16:06:16,465  INFO MatsimXmlParser:299 Trying to load http://www.matsim.org/files/dtd/vehicleDefinitions_v2.0.xsd. In some cases (e.g. network interface up but no connection), this may take a while.
2025-10-06T16:06:16,514  INFO MatsimXmlParser:299 Trying to load http://www.matsim.org/files/dtd/matsimCommon.xsd. In some cases (e.g. network interface up but no connection), this may take a while.
2025-10-06T16:06:16,552  INFO MatsimXmlParser:299 Trying to load http://www.matsim.org/files/dtd/vehicleDefinitionsEnumTypes.xsd. In some cases (e.g. network interface up but no connection), this may take a while.
2025-10-06T16:06:16,584  INFO MatsimVehicleReader$VehicleReader:77 Found following schemaLocation in vehicle definition file: http://www.matsim.org/files/dtd http://www.matsim.org/files/dtd/vehicleDefinitions_v2.0.xsd
2025-10-06T16:06:16,586  INFO VehicleReaderV2:24 Using org.matsim.vehicles.VehicleReaderV2
2025-10-06T16:06:16,598  INFO Counter:70 [VehiclesImpl] added vehicle # 1
2025-10-06T16:06:16,619  INFO Counter:70 [VehiclesImpl] added vehicle # 2
2025-10-06T16:06:16,630  INFO Counter:70 [VehiclesImpl] added vehicle # 4
2025-10-06T16:06:16,652  INFO Counter:70 [VehiclesImpl] added vehicle # 8
2025-10-06T16:06:16,663  INFO Counter:70 [VehiclesImpl] added vehicle # 16
2025-10-06T16:06:16,675  INFO Counter:70 [VehiclesImpl] added vehicle # 32
2025-10-06T16:06:16,697  INFO Counter:70 [VehiclesImpl] added vehicle # 64
2025-10-06T16:06:16,721  INFO Counter:70 [VehiclesImpl] added vehicle # 128
2025-10-06T16:06:16,731  INFO MatsimXmlParser:172 starting to parse xml from url file:/net/ils/bennett/testing/output/Montag_control/output_carriersVehicleTypes.xml.gz ...
2025-10-06T16:06:16,741  INFO MatsimXmlParser:299 Trying to load http://www.matsim.org/files/dtd/vehicleDefinitions_v2.0.xsd. In some cases (e.g. network interface up but no connection), this may take a while.
2025-10-06T16:06:16,780  INFO MatsimXmlParser:299 Trying to load http://www.matsim.org/files/dtd/matsimCommon.xsd. In some cases (e.g. network interface up but no connection), this may take a while.
2025-10-06T16:06:16,816  INFO MatsimXmlParser:299 Trying to load http://www.matsim.org/files/dtd/vehicleDefinitionsEnumTypes.xsd. In some cases (e.g. network interface up but no connection), this may take a while.
2025-10-06T16:06:16,847  INFO CarrierVehicleTypeReader$CarrierVehicleTypeParser:136 Using central vehicle parser
2025-10-06T16:06:16,855  INFO MatsimVehicleReader$VehicleReader:77 Found following schemaLocation in vehicle definition file: http://www.matsim.org/files/dtd http://www.matsim.org/files/dtd/vehicleDefinitions_v2.0.xsd
2025-10-06T16:06:16,866  INFO VehicleReaderV2:24 Using org.matsim.vehicles.VehicleReaderV2
2025-10-06T16:06:16,878  INFO MatsimXmlParser:172 starting to parse xml from url file:/net/ils/bennett/testing/output/Montag_control/output_carriers.xml.gz ...
2025-10-06T16:06:16,889  INFO MatsimXmlParser:299 Trying to load http://www.matsim.org/files/dtd/carriersDefinitions_v2.1.xsd. In some cases (e.g. network interface up but no connection), this may take a while.
2025-10-06T16:06:16,930  INFO MatsimXmlParser:299 Trying to load http://www.matsim.org/files/dtd/matsimCommon.xsd. In some cases (e.g. network interface up but no connection), this may take a while.
2025-10-06T16:06:16,961  INFO CarrierPlanXmlReader$CarriersPlanReader:118 Found following schemeLocation in carriers definition file: http://www.matsim.org/files/dtd http://www.matsim.org/files/dtd/carriersDefinitions_v2.1.xsd
2025-10-06T16:06:16,972  INFO CarrierPlanXmlReader$CarriersPlanReader:129 Found carriersDefinitions_v2.1.xsd. Using CarrierPlanReaderV2.1
2025-10-06T16:06:17,438  INFO CarrierPlanAnalysis:68 Writing out carrier analysis ...
2025-10-06T16:06:17,462  INFO CarrierPlanAnalysis:198 Output written to output/Montag_control/analysis/freight/Carriers_stats.tsv
2025-10-06T16:06:17,465  INFO EventsManagerImpl:139 === Logging of event-handlers skipped ===
2025-10-06T16:06:17,474  INFO EventsManagerImpl:140 To enable debug output, set an environment variable i.e. export LOG_LEVEL='debug', or set log.setLogLevel(Level.DEBUG) in your run class.
2025-10-06T16:06:17,485  INFO EventsManagerImpl:210     > org.matsim.freight.carriers.events.CarrierTourStartEvent
2025-10-06T16:06:17,496  INFO EventsManagerImpl:210     > org.matsim.freight.carriers.events.CarrierTourEndEvent
2025-10-06T16:06:17,507  INFO EventsManagerImpl:210     > org.matsim.api.core.v01.events.LinkEnterEvent
2025-10-06T16:06:17,518  INFO EventsManagerImpl:210     > org.matsim.api.core.v01.events.LinkLeaveEvent
2025-10-06T16:06:17,529  INFO EventsManagerImpl:210     > org.matsim.api.core.v01.events.VehicleEntersTrafficEvent
2025-10-06T16:06:17,540  INFO EventsManagerImpl:210     > org.matsim.api.core.v01.events.VehicleLeavesTrafficEvent
2025-10-06T16:06:17,551  INFO EventsManagerImpl:139 === Logging of event-handlers skipped ===
2025-10-06T16:06:17,562  INFO EventsManagerImpl:140 To enable debug output, set an environment variable i.e. export LOG_LEVEL='debug', or set log.setLogLevel(Level.DEBUG) in your run class.
2025-10-06T16:06:17,573  INFO EventsManagerImpl:210     > org.matsim.freight.carriers.events.CarrierShipmentPickupStartEvent
2025-10-06T16:06:17,584  INFO EventsManagerImpl:210     > org.matsim.freight.carriers.events.CarrierShipmentDeliveryStartEvent
2025-10-06T16:06:17,598  INFO MatsimEventsReader$XmlEventsReader:163 using events_v1-reader.
2025-10-06T16:06:17,617  INFO MatsimXmlParser:155 starting to parse xml from file output/Montag_control/output_events.xml.gz ...
2025-10-06T16:06:17,628  INFO IOUtils:212 Resolved output/Montag_control/output_events.xml.gz to output/Montag_control/output_events.xml.gz
2025-10-06T16:06:17,650  INFO EventsManagerImpl:116  event # 1
2025-10-06T16:06:17,661  INFO EventsManagerImpl:116  event # 4
2025-10-06T16:06:17,672  INFO EventsManagerImpl:116  event # 16
2025-10-06T16:06:17,683  INFO EventsManagerImpl:116  event # 64
2025-10-06T16:06:17,695  INFO EventsManagerImpl:116  event # 256
2025-10-06T16:06:17,718  INFO VehicleUtils:431 adding scenario element for allvehicles container
2025-10-06T16:06:17,727  INFO VehicleUtils:444 vehicleId=freight_Carrier Wilmersdorf1_veh_TruckForckenbeckDiesel_9 not in allVehicles; trying standard vehicles container ...
2025-10-06T16:06:17,738  INFO VehicleUtils:444 vehicleId=freight_Carrier Wilmersdorf1_veh_TruckForckenbeckDiesel_8 not in allVehicles; trying standard vehicles container ...
2025-10-06T16:06:17,749  INFO VehicleUtils:444 vehicleId=freight_Carrier Wilmersdorf1_veh_TruckForckenbeckDiesel_7 not in allVehicles; trying standard vehicles container ...
2025-10-06T16:06:17,760  INFO VehicleUtils:444 vehicleId=freight_Carrier Wilmersdorf1_veh_TruckForckenbeckDiesel_6 not in allVehicles; trying standard vehicles container ...
2025-10-06T16:06:17,771  INFO VehicleUtils:444 vehicleId=freight_Carrier Wilmersdorf1_veh_TruckForckenbeckDiesel_5 not in allVehicles; trying standard vehicles container ...
2025-10-06T16:06:17,782  INFO VehicleUtils:446  Future occurences of this logging statement are suppressed.
2025-10-06T16:06:17,800  INFO EventsManagerImpl:116  event # 1024
2025-10-06T16:06:17,826  INFO EventsManagerImpl:116  event # 4096
2025-10-06T16:06:17,870  INFO EventsManagerImpl:116  event # 16384
2025-10-06T16:06:17,980  INFO EventsManagerImpl:116  event # 65536
2025-10-06T16:06:18,363  INFO EventsManagerImpl:116  event # 262144
2025-10-06T16:06:18,681  INFO CarriersAnalysis:209 Analysis completed.
2025-10-06T16:06:18,682  INFO CarriersAnalysis:210 Writing output...
2025-10-06T16:06:18,693  INFO CarrierTimeAndDistanceAnalysis:241 Writing out Time & Distance & Costs ... perVehicle
2025-10-06T16:06:18,727  INFO CarrierTimeAndDistanceAnalysis:307 Vehicle event analysis output written to output/Montag_control/analysis/freight/TimeDistance_perVehicle.tsv
2025-10-06T16:06:18,737  INFO CarrierTimeAndDistanceAnalysis:314 Writing out Time & Distance & Costs ... perVehicleType
2025-10-06T16:06:18,760  INFO CarrierTimeAndDistanceAnalysis:381 VehicleType event analysis output written to output/Montag_control/analysis/freight/TimeDistance_perVehicleType.tsv
2025-10-06T16:06:18,770  INFO CarrierTimeAndDistanceAnalysis:168 Writing out Time & Distance & Costs ... perCarrier
2025-10-06T16:06:18,796  INFO CarrierTimeAndDistanceAnalysis:234 Carrier event analysis output written to output/Montag_control/analysis/freight/TimeDistance_perCarrier.tsv
2025-10-06T16:06:18,803  INFO CarrierLoadAnalysis:88 Writing out vehicle load analysis ...
2025-10-06T16:06:18,833  INFO CarrierLoadAnalysis:126 Output written to output/Montag_control/analysis/freight/Load_perVehicle.tsv
2025-10-06T16:06:18,836  INFO CarrierPlanXmlWriterV2_1:83 write carrier plans
2025-10-06T16:06:19,028  INFO CarrierPlanXmlWriterV2_1:98 done
2025-10-06T16:06:19,032  INFO CarriersUtils:807 Carriers file written to: output/Montag_control/output_carriers.xml.gz
2025-10-06T16:06:19,043  INFO ControlerListenerManagerImpl:147 all ControlerShutdownListeners called.
2025-10-06T16:06:19,054  INFO MatsimRuntimeModifications:104 S H U T D O W N   ---   shutdown completed.
2025-10-06T16:06:19,065  INFO OutputDirectoryLogging:173 closing the logfile, i.e. messages sent to the logger after this message are not written to the logfile.
